mktextfm Helvetica
mktextfm Helvetica
mktextfm Helvetica
mktextfm Helvetica/BI
mktextfm Helvetica
mktextfm Helvetica/B
mktextfm Helvetica
mktextfm Helvetica/I
mktextfm Helvetica
mktextfm Helvetica
mktextfm Helvetica
mktextfm Helvetica
mktextfm Helvetica
mktextfm Helvetica
mktextfm Helvetica
mktextfm Helvetica
mktextfm Helvetica
mktextfm Helvetica
mktextfm Helvetica
mktextfm Helvetica
mktextfm UbuntuMono
mktextfm UbuntuMono
mktextfm UbuntuMono
mktextfm UbuntuMono/BI
mktextfm UbuntuMono
mktextfm UbuntuMono/B
mktextfm UbuntuMono
mktextfm UbuntuMono/I
mktextfm UbuntuMono
mktextfm UbuntuMono
mktextfm UbuntuMono
mktextfm UbuntuMono
mktextfm UbuntuMono
mktextfm UbuntuMono
mktextfm UbuntuMono
mktextfm UbuntuMono
mktextfm UbuntuMono
mktextfm UbuntuMono
mktextfm UbuntuMono
mktextfm UbuntuMono
